Array
(
)
Array
(
    [0] => 181
    [1] => 189
    [2] => 202
    [3] => 366
    [4] => 397
    [5] => 413
    [6] => 429
    [7] => 440
    [8] => 532
    [9] => 588
    [10] => 686
    [11] => 750
    [12] => 754
    [13] => 782
    [14] => 784
    [15] => 794
    [16] => 801
    [17] => 859
    [18] => 871
    [19] => 877
    [20] => 881
    [21] => 908
    [22] => 912
    [23] => 937
    [24] => 960
    [25] => 1020
    [26] => 1105
    [27] => 1217
    [28] => 1229
    [29] => 1231
    [30] => 1246
    [31] => 1276
    [32] => 1402
    [33] => 1528
    [34] => 1582
    [35] => 1624
    [36] => 1665
    [37] => 1764
    [38] => 1909
    [39] => 1930
    [40] => 1951
    [41] => 1952
    [42] => 2024
    [43] => 2065
    [44] => 2092
    [45] => 2107
    [46] => 2147
    [47] => 2174
    [48] => 2175
    [49] => 2226
    [50] => 2238
    [51] => 2427
    [52] => 2563
    [53] => 2580
    [54] => 2582
    [55] => 2643
    [56] => 2689
    [57] => 2772
    [58] => 2818
    [59] => 2899
    [60] => 2931
    [61] => 2933
    [62] => 2934
    [63] => 3010
    [64] => 3029
    [65] => 3105
    [66] => 3285
    [67] => 3293
    [68] => 3327
    [69] => 3395
    [70] => 3438
    [71] => 3440
    [72] => 3452
    [73] => 3497
    [74] => 3520
    [75] => 3525
    [76] => 3539
    [77] => 3575
    [78] => 3613
    [79] => 3751
    [80] => 3760
    [81] => 3805
    [82] => 3867
    [83] => 3878
    [84] => 3973
    [85] => 4051
    [86] => 4060
    [87] => 4145
    [88] => 4269
    [89] => 4274
    [90] => 4282
    [91] => 4290
    [92] => 4291
    [93] => 4338
    [94] => 4369
    [95] => 4385
    [96] => 4418
    [97] => 4434
    [98] => 4452
    [99] => 4494
    [100] => 4497
    [101] => 4505
    [102] => 4520
    [103] => 4534
    [104] => 4546
    [105] => 4561
    [106] => 4570
    [107] => 4621
    [108] => 4626
    [109] => 4640
    [110] => 4713
    [111] => 4720
    [112] => 4727
    [113] => 4729
    [114] => 4732
    [115] => 4734
    [116] => 4739
    [117] => 4748
    [118] => 4787
    [119] => 4845
    [120] => 4855
    [121] => 4893
    [122] => 4899
    [123] => 4901
    [124] => 4904
    [125] => 4906
    [126] => 4909
    [127] => 4910
    [128] => 4919
    [129] => 4923
    [130] => 4927
    [131] => 4930
    [132] => 4933
    [133] => 4942
    [134] => 4944
    [135] => 4947
    [136] => 4993
    [137] => 5017
    [138] => 5021
    [139] => 5027
    [140] => 5031
    [141] => 5033
    [142] => 5037
    [143] => 5042
    [144] => 5044
    [145] => 5046
    [146] => 5048
    [147] => 5050
    [148] => 5051
    [149] => 5055
    [150] => 5058
    [151] => 5061
    [152] => 5064
    [153] => 5068
    [154] => 5071
    [155] => 5077
    [156] => 5080
    [157] => 5081
    [158] => 5083
    [159] => 5084
    [160] => 5089
    [161] => 5091
    [162] => 5095
    [163] => 5096
    [164] => 5108
    [165] => 5113
    [166] => 5117
    [167] => 5121
    [168] => 5134
    [169] => 5136
    [170] => 5141
    [171] => 5151
    [172] => 5155
    [173] => 5159
    [174] => 5167
    [175] => 5168
    [176] => 5173
    [177] => 5176
    [178] => 5183
    [179] => 5186
    [180] => 5194
    [181] => 5198
    [182] => 5206
    [183] => 5209
    [184] => 5219
    [185] => 5221
    [186] => 5230
    [187] => 5231
    [188] => 5233
    [189] => 5241
    [190] => 5242
    [191] => 5243
    [192] => 5246
    [193] => 5251
    [194] => 5254
    [195] => 5257
    [196] => 5261
    [197] => 5263
    [198] => 5267
    [199] => 5269
    [200] => 5274
    [201] => 5278
    [202] => 5282
    [203] => 5284
    [204] => 5288
    [205] => 5305
    [206] => 5307
    [207] => 5386
    [208] => 5400
    [209] => 5417
    [210] => 5450
    [211] => 5490
    [212] => 5497
    [213] => 5591
    [214] => 5621
    [215] => 5630
    [216] => 5710
    [217] => 5775
    [218] => 5783
    [219] => 5784
    [220] => 5790
    [221] => 5792
    [222] => 5796
    [223] => 5798
    [224] => 5806
    [225] => 5813
    [226] => 5815
    [227] => 5817
    [228] => 5826
    [229] => 5830
    [230] => 5831
    [231] => 5833
    [232] => 5836
    [233] => 5842
    [234] => 5849
    [235] => 5851
    [236] => 5855
    [237] => 5862
    [238] => 5865
    [239] => 5878
    [240] => 5879
    [241] => 5882
    [242] => 5886
    [243] => 5888
    [244] => 5889
    [245] => 5891
    [246] => 5893
    [247] => 5894
    [248] => 5903
    [249] => 5906
    [250] => 5907
    [251] => 5910
    [252] => 5913
    [253] => 5914
    [254] => 5915
    [255] => 5922
    [256] => 5923
    [257] => 5928
    [258] => 5929
    [259] => 5932
    [260] => 5936
    [261] => 5937
    [262] => 5938
    [263] => 5940
    [264] => 5942
    [265] => 5944
    [266] => 5945
    [267] => 5949
    [268] => 5950
    [269] => 5951
    [270] => 5952
    [271] => 5954
    [272] => 5956
    [273] => 5958
    [274] => 5960
    [275] => 5965
    [276] => 5966
    [277] => 5971
    [278] => 5973
    [279] => 5977
    [280] => 5982
    [281] => 5984
    [282] => 5991
    [283] => 5992
    [284] => 5993
    [285] => 5995
    [286] => 5996
    [287] => 6002
    [288] => 6005
    [289] => 6010
    [290] => 6014
    [291] => 6017
    [292] => 6018
    [293] => 6020
    [294] => 6027
    [295] => 6028
    [296] => 6036
    [297] => 6039
    [298] => 6040
    [299] => 6042
    [300] => 6045
    [301] => 6050
    [302] => 6053
    [303] => 6056
    [304] => 6064
    [305] => 6078
    [306] => 6079
    [307] => 6088
    [308] => 6114
    [309] => 6134
    [310] => 6142
    [311] => 6150
    [312] => 6155
    [313] => 6161
    [314] => 6163
    [315] => 6165
    [316] => 6168
    [317] => 6171
    [318] => 6191
    [319] => 6197
    [320] => 6199
    [321] => 6212
    [322] => 6216
    [323] => 6217
    [324] => 6220
    [325] => 6224
    [326] => 6226
    [327] => 6230
    [328] => 6232
    [329] => 6236
    [330] => 6238
    [331] => 6243
    [332] => 6258
    [333] => 6261
    [334] => 6262
    [335] => 6265
    [336] => 6266
    [337] => 6270
    [338] => 6272
    [339] => 6288
    [340] => 6301
    [341] => 6302
    [342] => 6305
    [343] => 6309
    [344] => 6311
    [345] => 6316
    [346] => 6331
    [347] => 6386
    [348] => 6409
    [349] => 6468
    [350] => 6479
    [351] => 6481
    [352] => 6500
    [353] => 6503
    [354] => 6525
    [355] => 6530
    [356] => 6532
    [357] => 6533
    [358] => 6543
    [359] => 6549
    [360] => 6555
    [361] => 6600
    [362] => 6608
    [363] => 6698
    [364] => 6720
    [365] => 6726
    [366] => 6762
    [367] => 6765
    [368] => 6830
    [369] => 6864
    [370] => 6866
    [371] => 6894
    [372] => 6915
    [373] => 6933
    [374] => 7030
    [375] => 7060
    [376] => 7069
    [377] => 7266
    [378] => 7270
    [379] => 7448
    [380] => 7453
    [381] => 7461
    [382] => 7577
    [383] => 7713
    [384] => 7943
    [385] => 7958
    [386] => 7963
    [387] => 7965
    [388] => 7969
    [389] => 7980
    [390] => 7982
    [391] => 7989
    [392] => 7990
    [393] => 7991
    [394] => 7992
    [395] => 7995
    [396] => 7996
    [397] => 7997
    [398] => 7999
    [399] => 8004
    [400] => 8008
    [401] => 8010
    [402] => 8012
    [403] => 8018
    [404] => 8025
    [405] => 8029
    [406] => 8038
    [407] => 8045
    [408] => 8052
    [409] => 8059
    [410] => 8064
    [411] => 8071
    [412] => 8077
    [413] => 8090
    [414] => 8098
    [415] => 8102
    [416] => 8118
    [417] => 8140
    [418] => 8141
    [419] => 8146
    [420] => 8148
    [421] => 8166
    [422] => 8197
    [423] => 8202
    [424] => 8205
    [425] => 8215
    [426] => 8218
    [427] => 8221
    [428] => 8226
    [429] => 8232
    [430] => 8239
    [431] => 8244
    [432] => 8248
    [433] => 8251
    [434] => 8252
    [435] => 8257
    [436] => 8263
    [437] => 8274
    [438] => 8280
    [439] => 8282
    [440] => 8287
    [441] => 8301
    [442] => 8312
    [443] => 8318
    [444] => 8327
    [445] => 8334
    [446] => 8338
    [447] => 8351
    [448] => 8357
    [449] => 8367
    [450] => 8376
    [451] => 8384
    [452] => 8404
    [453] => 8410
    [454] => 8411
    [455] => 8443
    [456] => 8510
    [457] => 8514
    [458] => 8517
    [459] => 8518
    [460] => 8520
    [461] => 8522
    [462] => 8525
    [463] => 8527
    [464] => 8529
    [465] => 8530
    [466] => 8532
    [467] => 8534
    [468] => 8535
    [469] => 8540
    [470] => 8541
    [471] => 8542
    [472] => 8543
    [473] => 8544
    [474] => 8545
    [475] => 8546
    [476] => 8548
    [477] => 8549
    [478] => 8551
    [479] => 8553
    [480] => 8554
    [481] => 8555
    [482] => 8556
    [483] => 8558
    [484] => 8563
    [485] => 8587
    [486] => 8603
    [487] => 8604
    [488] => 8611
    [489] => 8613
    [490] => 8614
    [491] => 8616
    [492] => 8622
    [493] => 8626
    [494] => 8637
    [495] => 8697
    [496] => 8717
    [497] => 8722
    [498] => 8887
    [499] => 8891
    [500] => 8944
    [501] => 8948
    [502] => 8986
    [503] => 9091
    [504] => 9094
    [505] => 9124
    [506] => 9163
    [507] => 9183
    [508] => 9187
    [509] => 9219
    [510] => 9236
    [511] => 9252
    [512] => 9284
    [513] => 9337
    [514] => 9439
    [515] => 9463
    [516] => 9733
    [517] => 9736
    [518] => 10042
    [519] => 10530
    [520] => 10536
    [521] => 10538
)
